Using pre-set license
Built from '2020.2/release' branch; Version is '2020.2.1f1 (270dd8c3da1c) revision 2559448'; Using compiler version '192528614'; Build Type 'Release'
OS: 'Windows 10  (10.0.0) 64bit' Language: 'en' Physical Memory: 8173 MB
BatchMode: 1, IsHumanControllingUs: 0, StartBugReporterOnCrash: 0, Is64bit: 1, IsPro: 0

 COMMAND LINE ARGUMENTS:
C:\Program Files\Unity\Hub\Editor\2020.2.1f1\Editor\Unity.exe
-adb2
-batchMode
-noUpm
-name
AssetImportWorker0
-projectPath
C:/Users/grilin18/Desktop/DAGD 302/302-2021-MathDemos/AnimDemos
-logFile
Logs/AssetImportWorker0.log
-srvPort
57999
Successfully changed project path to: C:/Users/grilin18/Desktop/DAGD 302/302-2021-MathDemos/AnimDemos
C:/Users/grilin18/Desktop/DAGD 302/302-2021-MathDemos/AnimDemos
Using Asset Import Pipeline V2.
Refreshing native plugins compatible for Editor in 196.19 ms, found 0 plugins.
Preloading 0 native plugins for Editor in 0.00 ms.
Initialize engine version: 2020.2.1f1 (270dd8c3da1c)
[Subsystems] Discovering subsystems at path C:/Program Files/Unity/Hub/Editor/2020.2.1f1/Editor/Data/Resources/UnitySubsystems
[Subsystems] Discovering subsystems at path C:/Users/grilin18/Desktop/DAGD 302/302-2021-MathDemos/AnimDemos/Assets
GfxDevice: creating device client; threaded=0
Direct3D:
    Version:  Direct3D 11.0 [level 11.1]
    Renderer: NVIDIA GeForce GTX 970 (ID=0x13c2)
    Vendor:   
    VRAM:     4043 MB
    Driver:   27.21.14.6109
Initialize mono
Mono path[0] = 'C:/Program Files/Unity/Hub/Editor/2020.2.1f1/Editor/Data/Managed'
Mono path[1] = 'C:/Program Files/Unity/Hub/Editor/2020.2.1f1/Editor/Data/MonoBleedingEdge/lib/mono/unityjit'
Mono config path = 'C:/Program Files/Unity/Hub/Editor/2020.2.1f1/Editor/Data/MonoBleedingEdge/etc'
Using monoOptions --debugger-agent=transport=dt_socket,embedding=1,server=y,suspend=n,address=127.0.0.1:56864
Begin MonoManager ReloadAssembly
Registering precompiled unity dll's ...
Register platform support module: C:/Program Files/Unity/Hub/Editor/2020.2.1f1/Editor/Data/PlaybackEngines/WindowsStandaloneSupport/UnityEditor.WindowsStandalone.Extensions.dll
Registered in 0.005914 seconds.
Native extension for WindowsStandalone target not found
Refreshing native plugins compatible for Editor in 48.06 ms, found 0 plugins.
Preloading 0 native plugins for Editor in 0.00 ms.
Invoked RoslynAnalysisRunner static constructor.
RoslynAnalysisRunner will not be running.
RoslynAnalysisRunner has terminated.
Mono: successfully reloaded assembly
- Completed reload, in  2.883 seconds
Platform modules already initialized, skipping
Registering precompiled user dll's ...
Registered in 0.002365 seconds.
Begin MonoManager ReloadAssembly
Native extension for WindowsStandalone target not found
Refreshing native plugins compatible for Editor in 0.37 ms, found 0 plugins.
Preloading 0 native plugins for Editor in 0.00 ms.
Invoked RoslynAnalysisRunner static constructor.
RoslynAnalysisRunner will not be running.
RoslynAnalysisRunner has terminated.
Mono: successfully reloaded assembly
- Completed reload, in  2.400 seconds
Platform modules already initialized, skipping
========================================================================
Worker process is ready to serve import requests
Launched and connected shader compiler UnityShaderCompiler.exe after 0.31 seconds
Refreshing native plugins compatible for Editor in 0.37 ms, found 0 plugins.
Preloading 0 native plugins for Editor in 0.00 ms.
Unloading 1100 Unused Serialized files (Serialized files now loaded: 0)
System memory in use before: 56.5 MB.
System memory in use after: 56.6 MB.

Unloading 9 unused Assets to reduce memory usage. Loaded Objects now: 1542.
Total: 2.827200 ms (FindLiveObjects: 0.287400 ms CreateObjectMapping: 0.082700 ms MarkObjects: 2.365200 ms  DeleteObjects: 0.089500 ms)

========================================================================
Received Import Request.
  path: Assets/Scripts/OrbitCameraControl.cs
  artifactKey: Guid(6484981a1983a4f47a59ffadd0488859) Importer(815301076,1909f56bfc062723c751e8b465ee728b)
Start importing Assets/Scripts/OrbitCameraControl.cs using Guid(6484981a1983a4f47a59ffadd0488859) Importer(815301076,1909f56bfc062723c751e8b465ee728b)  -> (artifact id: 'f475ba8340c0df14aacb9dc937e3ed10') in 0.261767 seconds
  Import took 0.285208 seconds .

========================================================================
Received Import Request.
  Time since last request: 1012.694502 seconds.
  path: Assets/Scenes
  artifactKey: Guid(68f2fe378d9b5124f8ee51a4d7876dd2) Importer(815301076,1909f56bfc062723c751e8b465ee728b)
Start importing Assets/Scenes using Guid(68f2fe378d9b5124f8ee51a4d7876dd2) Importer(815301076,1909f56bfc062723c751e8b465ee728b)  -> (artifact id: '3ff06c406066d13ed8696108ae3672fb') in 0.009722 seconds
  Import took 0.037415 seconds .

========================================================================
Received Import Request.
  Time since last request: 18.093608 seconds.
  path: Assets/Scenes/Week4Bezier.unity
  artifactKey: Guid(d116bc21055cb9140be4a08dc654312b) Importer(815301076,1909f56bfc062723c751e8b465ee728b)
Start importing Assets/Scenes/Week4Bezier.unity using Guid(d116bc21055cb9140be4a08dc654312b) Importer(815301076,1909f56bfc062723c751e8b465ee728b)  -> (artifact id: '3f7fb6cca09c93b40b5019ce65f5c820') in 0.030963 seconds
  Import took 0.066643 seconds .

========================================================================
Received Import Request.
  Time since last request: 629.555612 seconds.
  path: Assets/Scripts/BezierCubic.cs
  artifactKey: Guid(f2fae9dc3f57c6c46889a2508521e86e) Importer(815301076,1909f56bfc062723c751e8b465ee728b)
Start importing Assets/Scripts/BezierCubic.cs using Guid(f2fae9dc3f57c6c46889a2508521e86e) Importer(815301076,1909f56bfc062723c751e8b465ee728b)  -> (artifact id: '562a9e0983700b650bc515d381967b97') in 0.021264 seconds
  Import took 0.047972 seconds .

========================================================================
Received Import Request.
  Time since last request: 1071.309138 seconds.
  path: Assets/Scripts/BezierCubic.cs
  artifactKey: Guid(f2fae9dc3f57c6c46889a2508521e86e) Importer(815301076,1909f56bfc062723c751e8b465ee728b)
Start importing Assets/Scripts/BezierCubic.cs using Guid(f2fae9dc3f57c6c46889a2508521e86e) Importer(815301076,1909f56bfc062723c751e8b465ee728b)  -> (artifact id: '8435fe9f1eec72ebfc4f7a1ea8e90a91') in 0.054501 seconds
  Import took 0.084146 seconds .

========================================================================
Received Import Request.
  Time since last request: 46.601546 seconds.
  path: Assets/Scripts/BezierCubic.cs
  artifactKey: Guid(f2fae9dc3f57c6c46889a2508521e86e) Importer(815301076,1909f56bfc062723c751e8b465ee728b)
Start importing Assets/Scripts/BezierCubic.cs using Guid(f2fae9dc3f57c6c46889a2508521e86e) Importer(815301076,1909f56bfc062723c751e8b465ee728b)  -> (artifact id: 'ce45a00fc93366a18dccdf97487435d9') in 0.015888 seconds
  Import took 0.052459 seconds .

========================================================================
Received Import Request.
  Time since last request: 0.041791 seconds.
  path: Assets/Scripts/BezierCubic.cs
  artifactKey: Guid(f2fae9dc3f57c6c46889a2508521e86e) Importer(815301076,1909f56bfc062723c751e8b465ee728b)
Start importing Assets/Scripts/BezierCubic.cs using Guid(f2fae9dc3f57c6c46889a2508521e86e) Importer(815301076,1909f56bfc062723c751e8b465ee728b)  -> (artifact id: 'ce45a00fc93366a18dccdf97487435d9') in 0.080930 seconds
  Import took 0.091635 seconds .

========================================================================
Received Prepare
Registering precompiled user dll's ...
Registered in 0.002699 seconds.
Begin MonoManager ReloadAssembly
Native extension for WindowsStandalone target not found
Refreshing native plugins compatible for Editor in 0.54 ms, found 0 plugins.
Preloading 0 native plugins for Editor in 0.00 ms.
Invoked RoslynAnalysisRunner static constructor.
RoslynAnalysisRunner will not be running.
RoslynAnalysisRunner has terminated.
Mono: successfully reloaded assembly
- Completed reload, in  3.088 seconds
Platform modules already initialized, skipping
Refreshing native plugins compatible for Editor in 0.40 ms, found 0 plugins.
Preloading 0 native plugins for Editor in 0.00 ms.
Unloading 1094 Unused Serialized files (Serialized files now loaded: 0)
System memory in use before: 56.5 MB.
System memory in use after: 56.6 MB.

Unloading 5 unused Assets to reduce memory usage. Loaded Objects now: 1544.
Total: 4.607400 ms (FindLiveObjects: 0.887700 ms CreateObjectMapping: 0.159000 ms MarkObjects: 3.447100 ms  DeleteObjects: 0.111200 ms)

AssetImportWorkerClient::OnTransportError - code=2 error=End of file
